TN:
SF:./src/client/app/app.module.js
FN:1,(anonymous_1)
FNF:1
FNH:1
FNDA:1,(anonymous_1)
DA:1,1
DA:4,1
LF:2
LH:2
BRF:0
BRH:0
end_of_record
TN:
SF:./src/client/app/blocks/exception/exception.module.js
FN:1,(anonymous_1)
FNF:1
FNH:1
FNDA:1,(anonymous_1)
DA:1,1
DA:4,1
LF:2
LH:2
BRF:0
BRH:0
end_of_record
TN:
SF:./src/client/app/blocks/logger/logger.module.js
FN:1,(anonymous_1)
FNF:1
FNH:1
FNDA:1,(anonymous_1)
DA:1,1
DA:4,1
LF:2
LH:2
BRF:0
BRH:0
end_of_record
TN:
SF:./src/client/app/blocks/router/router.module.js
FN:1,(anonymous_1)
FNF:1
FNH:1
FNDA:1,(anonymous_1)
DA:1,1
DA:4,1
LF:2
LH:2
BRF:0
BRH:0
end_of_record
TN:
SF:./src/client/app/core/core.module.js
FN:1,(anonymous_1)
FNF:1
FNH:1
FNDA:1,(anonymous_1)
DA:1,1
DA:4,1
LF:2
LH:2
BRF:0
BRH:0
end_of_record
TN:
SF:./src/client/app/favorites/favorites.module.js
FN:1,(anonymous_1)
FNF:1
FNH:1
FNDA:1,(anonymous_1)
DA:1,1
DA:4,1
LF:2
LH:2
BRF:0
BRH:0
end_of_record
TN:
SF:./src/client/app/layout/layout.module.js
FN:1,(anonymous_1)
FNF:1
FNH:1
FNDA:1,(anonymous_1)
DA:1,1
DA:4,1
LF:2
LH:2
BRF:0
BRH:0
end_of_record
TN:
SF:./src/client/app/search/search.module.js
FN:1,(anonymous_1)
FNF:1
FNH:1
FNDA:1,(anonymous_1)
DA:1,1
DA:4,1
LF:2
LH:2
BRF:0
BRH:0
end_of_record
TN:
SF:./src/client/app/widgets/widgets.module.js
FN:1,(anonymous_1)
FNF:1
FNH:1
FNDA:1,(anonymous_1)
DA:1,1
DA:4,1
LF:2
LH:2
BRF:0
BRH:0
end_of_record
TN:
SF:./src/client/app/blocks/exception/exception-handler.provider.js
FN:3,(anonymous_1)
FN:15,exceptionHandlerProvider
FN:21,(anonymous_3)
FN:25,(anonymous_4)
FN:39,config
FN:52,extendExceptionHandler
FN:53,(anonymous_7)
FNF:7
FNH:7
FNDA:1,(anonymous_1)
FNDA:12,exceptionHandlerProvider
FNDA:10,(anonymous_3)
FNDA:14,(anonymous_4)
FNDA:12,config
FNDA:12,extendExceptionHandler
FNDA:1,(anonymous_7)
DA:3,1
DA:6,1
DA:15,1
DA:17,12
DA:21,12
DA:22,10
DA:25,12
DA:26,14
DA:30,1
DA:39,1
DA:40,12
DA:43,1
DA:52,1
DA:53,12
DA:54,1
DA:55,1
DA:56,1
DA:57,1
DA:67,0
LF:19
LH:18
BRDA:54,1,0,1
BRDA:54,1,1,0
BRF:2
BRH:1
end_of_record
TN:
SF:./src/client/app/blocks/exception/exception.js
FN:1,(anonymous_1)
FN:11,exception
FN:17,catcher
FN:18,(anonymous_4)
FNF:4
FNH:1
FNDA:1,(anonymous_1)
FNDA:0,exception
FNDA:0,catcher
FNDA:0,(anonymous_4)
DA:1,1
DA:4,1
DA:8,1
DA:11,1
DA:12,0
DA:15,0
DA:17,1
DA:18,0
DA:19,0
LF:9
LH:5
BRF:0
BRH:0
end_of_record
TN:
SF:./src/client/app/blocks/logger/logger.js
FN:1,(anonymous_1)
FN:11,logger
FN:27,error
FN:32,info
FN:41,success
FN:48,warning
FNF:6
FNH:3
FNDA:1,(anonymous_1)
FNDA:12,logger
FNDA:0,error
FNDA:0,info
FNDA:1,success
FNDA:0,warning
DA:1,1
DA:4,1
DA:8,1
DA:11,1
DA:12,12
DA:24,12
DA:27,1
DA:28,0
DA:29,0
DA:32,1
DA:34,0
DA:35,0
DA:38,0
DA:41,1
DA:42,1
DA:43,0
DA:45,1
DA:48,1
DA:49,0
DA:50,0
LF:20
LH:12
BRDA:34,1,0,0
BRDA:34,1,1,0
BRDA:42,2,0,0
BRDA:42,2,1,1
BRF:4
BRH:1
end_of_record
TN:
SF:./src/client/app/blocks/router/router-helper.provider.js
FN:2,(anonymous_1)
FN:11,routerHelperProvider
FN:20,(anonymous_3)
FN:27,RouterHelper
FN:47,configureStates
FN:48,(anonymous_6)
FN:59,handleRoutingErrors
FN:64,(anonymous_8)
FN:82,init
FN:87,getStates
FN:89,updateDocTitle
FN:91,(anonymous_12)
FNF:12
FNH:10
FNDA:1,(anonymous_1)
FNDA:4,routerHelperProvider
FNDA:4,(anonymous_3)
FNDA:4,RouterHelper
FNDA:4,configureStates
FNDA:4,(anonymous_6)
FNDA:4,handleRoutingErrors
FNDA:0,(anonymous_8)
FNDA:4,init
FNDA:0,getStates
FNDA:4,updateDocTitle
FNDA:2,(anonymous_12)
DA:2,1
DA:5,1
DA:9,1
DA:11,1
DA:13,4
DA:18,4
DA:20,4
DA:21,4
DA:24,4
DA:25,4
DA:27,1
DA:28,4
DA:29,4
DA:30,4
DA:35,4
DA:41,4
DA:43,4
DA:47,1
DA:48,4
DA:49,4
DA:51,4
DA:53,4
DA:54,4
DA:55,4
DA:59,1
DA:63,4
DA:65,0
DA:66,0
DA:68,0
DA:69,0
DA:70,0
DA:73,0
DA:76,0
DA:77,0
DA:82,1
DA:83,4
DA:84,4
DA:87,1
DA:89,1
DA:90,4
DA:92,2
DA:93,2
DA:94,2
DA:95,2
LF:44
LH:36
BRDA:50,1,0,4
BRDA:50,1,1,4
BRDA:53,2,0,4
BRDA:53,2,1,0
BRDA:53,3,0,4
BRDA:53,3,1,4
BRDA:65,4,0,0
BRDA:65,4,1,0
BRDA:70,5,0,0
BRDA:70,5,1,0
BRDA:70,5,2,0
BRDA:70,5,3,0
BRDA:70,5,4,0
BRDA:74,6,0,0
BRDA:74,6,1,0
BRDA:74,7,0,0
BRDA:74,7,1,0
BRDA:75,8,0,0
BRDA:75,8,1,0
BRDA:94,9,0,2
BRDA:94,9,1,0
BRF:21
BRH:6
end_of_record
TN:
SF:./src/client/app/core/config.js
FN:1,(anonymous_1)
FN:10,toastrConfig
FN:29,configure
FNF:3
FNH:3
FNDA:1,(anonymous_1)
FNDA:4,toastrConfig
FNDA:4,configure
DA:1,1
DA:4,1
DA:6,1
DA:8,1
DA:10,1
DA:11,4
DA:12,4
DA:15,1
DA:23,1
DA:25,1
DA:27,1
DA:29,1
DA:30,4
DA:31,4
DA:33,4
DA:34,4
LF:16
LH:16
BRDA:30,1,0,4
BRDA:30,1,1,0
BRF:2
BRH:1
end_of_record
TN:
SF:./src/client/app/core/constants.js
FN:2,(anonymous_1)
FNF:1
FNH:1
FNDA:1,(anonymous_1)
DA:2,1
DA:5,1
LF:2
LH:2
BRF:0
BRH:0
end_of_record
TN:
SF:./src/client/app/core/core.route.js
FN:1,(anonymous_1)
FN:9,appRun
FN:14,getStates
FNF:3
FNH:3
FNDA:1,(anonymous_1)
FNDA:4,appRun
FNDA:4,getStates
DA:1,1
DA:4,1
DA:9,1
DA:10,4
DA:11,4
DA:14,1
DA:15,4
LF:7
LH:7
BRF:0
BRH:0
end_of_record
TN:
SF:./src/client/app/core/data.service.js
FN:1,(anonymous_1)
FN:10,DataService
FN:21,getVehicle
FN:26,success
FN:30,fail
FNF:5
FNH:1
FNDA:1,(anonymous_1)
FNDA:0,DataService
FNDA:0,getVehicle
FNDA:0,success
FNDA:0,fail
DA:1,1
DA:4,1
DA:8,1
DA:10,1
DA:11,0
DA:12,0
DA:17,0
DA:21,1
DA:22,0
DA:26,1
DA:27,0
DA:30,1
DA:31,0
DA:32,0
DA:33,0
LF:15
LH:7
BRF:0
BRH:0
end_of_record
TN:
SF:./src/client/app/favorites/favorites.controller.js
FN:1,(anonymous_1)
FN:10,FavoritesController
FN:15,activate
FN:17,(anonymous_4)
FNF:4
FNH:1
FNDA:1,(anonymous_1)
FNDA:0,FavoritesController
FNDA:0,activate
FNDA:0,(anonymous_4)
DA:1,1
DA:4,1
DA:8,1
DA:10,1
DA:11,0
DA:12,0
DA:13,0
DA:15,1
DA:16,0
DA:17,0
DA:18,0
LF:11
LH:5
BRF:0
BRH:0
end_of_record
TN:
SF:./src/client/app/favorites/favorites.route.js
FN:1,(anonymous_1)
FN:10,appRun
FN:14,getStates
FNF:3
FNH:1
FNDA:1,(anonymous_1)
FNDA:0,appRun
FNDA:0,getStates
DA:1,1
DA:4,1
DA:8,1
DA:10,1
DA:11,0
DA:14,1
DA:15,0
LF:7
LH:5
BRF:0
BRH:0
end_of_record
TN:
SF:./src/client/app/layout/shell.controller.js
FN:1,(anonymous_1)
FN:10,ShellController
FN:23,activate
FN:28,hideSplash
FN:30,(anonymous_5)
FNF:5
FNH:4
FNDA:1,(anonymous_1)
FNDA:1,ShellController
FNDA:1,activate
FNDA:1,hideSplash
FNDA:0,(anonymous_5)
DA:1,1
DA:4,1
DA:8,1
DA:10,1
DA:11,1
DA:12,1
DA:13,1
DA:14,1
DA:15,1
DA:21,1
DA:23,1
DA:24,1
DA:25,1
DA:28,1
DA:30,1
DA:31,0
LF:16
LH:15
BRF:0
BRH:0
end_of_record
TN:
SF:./src/client/app/search/filter.controller.js
FN:1,(anonymous_1)
FN:21,FilterController
FN:37,initializeViewModel
FN:91,fuelTypesFacetFilter
FN:99,makesFacetFilter
FN:106,registerWatches
FN:107,(anonymous_7)
FN:112,(anonymous_8)
FN:117,updateFacets
FN:121,expanderClass
FN:134,toggleMakesFilter
FN:137,toggleFuelTypesFilter
FN:148,goToFavorites
FN:152,pulseFavoritesButton
FN:153,(anonymous_15)
FN:159,toggleFavorite
FN:161,(anonymous_17)
FN:169,(anonymous_18)
FN:178,isFavorite
FN:182,activate
FN:184,(anonymous_21)
FN:189,pagePrevious
FN:193,pageNext
FN:198,removeFilter
FN:202,tickFilters
FN:215,setFilterValues
FN:216,(anonymous_27)
FN:217,(anonymous_28)
FN:228,getResults
FN:231,(anonymous_30)
FN:243,(anonymous_31)
FNF:31
FNH:1
FNDA:1,(anonymous_1)
FNDA:0,FilterController
FNDA:0,initializeViewModel
FNDA:0,fuelTypesFacetFilter
FNDA:0,makesFacetFilter
FNDA:0,registerWatches
FNDA:0,(anonymous_7)
FNDA:0,(anonymous_8)
FNDA:0,updateFacets
FNDA:0,expanderClass
FNDA:0,toggleMakesFilter
FNDA:0,toggleFuelTypesFilter
FNDA:0,goToFavorites
FNDA:0,pulseFavoritesButton
FNDA:0,(anonymous_15)
FNDA:0,toggleFavorite
FNDA:0,(anonymous_17)
FNDA:0,(anonymous_18)
FNDA:0,isFavorite
FNDA:0,activate
FNDA:0,(anonymous_21)
FNDA:0,pagePrevious
FNDA:0,pageNext
FNDA:0,removeFilter
FNDA:0,tickFilters
FNDA:0,setFilterValues
FNDA:0,(anonymous_27)
FNDA:0,(anonymous_28)
FNDA:0,getResults
FNDA:0,(anonymous_30)
FNDA:0,(anonymous_31)
DA:1,1
DA:4,1
DA:8,1
DA:21,1
DA:32,0
DA:34,0
DA:35,0
DA:37,1
DA:38,0
DA:40,0
DA:41,0
DA:43,0
DA:44,0
DA:45,0
DA:46,0
DA:48,0
DA:55,0
DA:56,0
DA:58,0
DA:61,0
DA:62,0
DA:64,0
DA:68,0
DA:72,0
DA:73,0
DA:74,0
DA:75,0
DA:76,0
DA:77,0
DA:78,0
DA:79,0
DA:80,0
DA:82,0
DA:83,0
DA:86,0
DA:87,0
DA:88,0
DA:91,1
DA:92,0
DA:93,0
DA:96,0
DA:99,1
DA:100,0
DA:101,0
DA:103,0
DA:106,1
DA:107,0
DA:108,0
DA:112,0
DA:113,0
DA:117,1
DA:118,0
DA:121,1
DA:123,0
DA:124,0
DA:126,0
DA:127,0
DA:130,0
DA:134,1
DA:135,0
DA:137,1
DA:138,0
DA:148,1
DA:149,0
DA:152,1
DA:153,0
DA:154,0
DA:156,0
DA:159,1
DA:160,0
DA:161,0
DA:162,0
DA:164,0
DA:165,0
DA:168,0
DA:170,0
DA:172,0
DA:178,1
DA:179,0
DA:182,1
DA:183,0
DA:184,0
DA:185,0
DA:189,1
DA:190,0
DA:191,0
DA:193,1
DA:194,0
DA:195,0
DA:198,1
DA:199,0
DA:202,1
DA:204,0
DA:205,0
DA:208,0
DA:210,0
DA:215,1
DA:216,0
DA:217,0
DA:218,0
DA:221,0
DA:222,0
DA:228,1
DA:229,0
DA:231,0
DA:232,0
DA:235,0
DA:243,0
DA:245,0
DA:247,0
DA:248,0
DA:250,0
DA:251,0
DA:253,0
DA:254,0
DA:258,0
DA:259,0
DA:260,0
DA:262,0
DA:264,0
DA:266,0
DA:267,0
LF:122
LH:23
BRDA:40,1,0,0
BRDA:40,1,1,0
BRDA:79,2,0,0
BRDA:79,2,1,0
BRDA:82,3,0,0
BRDA:82,3,1,0
BRDA:92,4,0,0
BRDA:92,4,1,0
BRDA:100,5,0,0
BRDA:100,5,1,0
BRDA:109,6,0,0
BRDA:109,6,1,0
BRDA:113,7,0,0
BRDA:113,7,1,0
BRDA:123,8,0,0
BRDA:123,8,1,0
BRDA:126,9,0,0
BRDA:126,9,1,0
BRDA:160,10,0,0
BRDA:160,10,1,0
BRDA:204,11,0,0
BRDA:204,11,1,0
BRDA:208,12,0,0
BRDA:208,12,1,0
BRDA:221,13,0,0
BRDA:221,13,1,0
BRDA:245,14,0,0
BRDA:245,14,1,0
BRDA:245,14,2,0
BRDA:245,14,3,0
BRF:30
BRH:0
end_of_record
TN:
SF:./src/client/app/search/modifyFilters.controller.js
FNF:0
FNH:0
LF:0
LH:0
BRF:0
BRH:0
end_of_record
TN:
SF:./src/client/app/search/search.controller.js
FN:1,(anonymous_1)
FN:10,SearchController
FN:24,(anonymous_3)
FN:33,(anonymous_4)
FN:43,(anonymous_5)
FN:44,(anonymous_6)
FN:49,(anonymous_7)
FN:57,activate
FN:59,(anonymous_9)
FN:64,showResults
FN:65,(anonymous_11)
FN:82,getFacets
FN:93,(anonymous_13)
FNF:13
FNH:1
FNDA:1,(anonymous_1)
FNDA:0,SearchController
FNDA:0,(anonymous_3)
FNDA:0,(anonymous_4)
FNDA:0,(anonymous_5)
FNDA:0,(anonymous_6)
FNDA:0,(anonymous_7)
FNDA:0,activate
FNDA:0,(anonymous_9)
FNDA:0,showResults
FNDA:0,(anonymous_11)
FNDA:0,getFacets
FNDA:0,(anonymous_13)
DA:1,1
DA:4,1
DA:8,1
DA:10,1
DA:11,0
DA:12,0
DA:13,0
DA:14,0
DA:15,0
DA:17,0
DA:22,0
DA:23,0
DA:24,0
DA:25,0
DA:26,0
DA:29,0
DA:33,0
DA:34,0
DA:37,0
DA:43,0
DA:44,0
DA:45,0
DA:49,0
DA:50,0
DA:55,0
DA:57,1
DA:58,0
DA:59,0
DA:60,0
DA:64,1
DA:65,0
DA:66,0
DA:69,0
DA:78,0
DA:82,1
DA:83,0
DA:93,0
DA:95,0
DA:96,0
DA:99,0
DA:100,0
DA:103,0
DA:104,0
DA:108,0
DA:109,0
LF:45
LH:7
BRDA:25,1,0,0
BRDA:25,1,1,0
BRDA:95,2,0,0
BRDA:95,2,1,0
BRDA:99,3,0,0
BRDA:99,3,1,0
BRDA:103,4,0,0
BRDA:103,4,1,0
BRF:8
BRH:0
end_of_record
TN:
SF:./src/client/app/search/search.route.js
FN:1,(anonymous_1)
FN:10,appRun
FN:14,getStates
FNF:3
FNH:1
FNDA:1,(anonymous_1)
FNDA:0,appRun
FNDA:0,getStates
DA:1,1
DA:4,1
DA:8,1
DA:10,1
DA:11,0
DA:14,1
DA:15,0
LF:7
LH:5
BRF:0
BRH:0
end_of_record
TN:
SF:./src/client/app/search/search.service.js
FN:1,(anonymous_1)
FN:10,SearchService
FN:20,getFacets
FN:25,success
FN:29,fail
FN:36,getResults
FN:44,success
FN:48,fail
FNF:8
FNH:1
FNDA:1,(anonymous_1)
FNDA:0,SearchService
FNDA:0,getFacets
FNDA:0,success
FNDA:0,fail
FNDA:0,getResults
FNDA:0,success
FNDA:0,fail
DA:1,1
DA:4,1
DA:8,1
DA:10,1
DA:11,0
DA:13,0
DA:18,0
DA:20,1
DA:21,0
DA:25,1
DA:26,0
DA:29,1
DA:30,0
DA:31,0
DA:32,0
DA:36,1
DA:37,0
DA:44,1
DA:45,0
DA:48,1
DA:49,0
DA:50,0
DA:51,0
LF:23
LH:10
BRF:0
BRH:0
end_of_record
